This is pdfTeX, Version 3.14159265-2.6-1.40.20 (TeX Live 2019) (preloaded format=pdflatex 2019.7.5)  10 JUN 2020 15:28
entering extended mode
 restricted \write18 enabled.
 %&-line parsing enabled.
**main.tex
(./main.tex
LaTeX2e <2018-12-01>
(/usr/local/texlive/2019/texmf-dist/tex/latex/koma-script/scrartcl.cls
Document Class: scrartcl 2019/02/01 v3.26b KOMA-Script document class (article)

(/usr/local/texlive/2019/texmf-dist/tex/latex/koma-script/scrkbase.sty
Package: scrkbase 2019/02/01 v3.26b KOMA-Script package (KOMA-Script-dependent 
basics and keyval usage)

(/usr/local/texlive/2019/texmf-dist/tex/latex/koma-script/scrbase.sty
Package: scrbase 2019/02/01 v3.26b KOMA-Script package (KOMA-Script-independent
 basics and keyval usage)

(/usr/local/texlive/2019/texmf-dist/tex/latex/graphics/keyval.sty
Package: keyval 2014/10/28 v1.15 key=value parser (DPC)
\KV@toks@=\toks14
)
(/usr/local/texlive/2019/texmf-dist/tex/latex/koma-script/scrlfile.sty
Package: scrlfile 2019/02/01 v3.26b KOMA-Script package (loading files)
)))
(/usr/local/texlive/2019/texmf-dist/tex/latex/koma-script/tocbasic.sty
Package: tocbasic 2019/02/01 v3.26b KOMA-Script package (handling toc-files)
\scr@dte@tocline@numberwidth=\skip41
\scr@dte@tocline@numbox=\box27
)
Package tocbasic Info: omitting babel extension for `toc'
(tocbasic)             because of feature `nobabel' available
(tocbasic)             for `toc' on input line 134.
Package scrartcl Info: You've used standard option `12pt'.
(scrartcl)             This is correct!
(scrartcl)             Internally I'm using `fontsize=12pt'.
(scrartcl)             If you'd like to set the option with \KOMAoptions,
(scrartcl)             you'd have to use `fontsize=12pt' there
(scrartcl)             instead of `12pt', too.
Class scrartcl Info: File `scrsize12pt.clo' used to setup font sizes on input l
ine 2162.

(/usr/local/texlive/2019/texmf-dist/tex/latex/koma-script/scrsize12pt.clo
File: scrsize12pt.clo 2019/02/01 v3.26b KOMA-Script font size class option (12p
t)
)
(/usr/local/texlive/2019/texmf-dist/tex/latex/koma-script/typearea.sty
Package: typearea 2019/02/01 v3.26b KOMA-Script package (type area)
\ta@bcor=\skip42
\ta@div=\count80
Package typearea Info: You've used standard option `a4paper'.
(typearea)             This is correct!
(typearea)             Internally I'm using `paper=a4'.
(typearea)             If you'd like to set the option with \KOMAoptions,
(typearea)             you'd have to use `paper=a4' there
(typearea)             instead of `a4paper', too.
\ta@hblk=\skip43
\ta@vblk=\skip44
\ta@temp=\skip45
\footheight=\skip46
Package typearea Info: These are the values describing the layout:
(typearea)             DIV  = 12
(typearea)             BCOR = 0.0pt
(typearea)             \paperwidth      = 597.50793pt
(typearea)              \textwidth      = 448.13095pt
(typearea)              DIV departure   = -6%
(typearea)              \evensidemargin = 27.31467pt
(typearea)              \oddsidemargin  = -22.47766pt
(typearea)             \paperheight     = 845.04694pt
(typearea)              \textheight     = 635.5pt
(typearea)              \topmargin      = -41.72441pt
(typearea)              \headheight     = 18.125pt
(typearea)              \headsep        = 21.75pt
(typearea)              \topskip        = 12.0pt
(typearea)              \footskip       = 50.75pt
(typearea)              \baselineskip   = 14.5pt
(typearea)              on input line 1715.
)
\c@part=\count81
\c@section=\count82
\c@subsection=\count83
\c@subsubsection=\count84
\c@paragraph=\count85
\c@subparagraph=\count86
\scr@dte@section@maxnumwidth=\skip47
Class scrartcl Info: using compatibility default `runin=bysign'
(scrartcl)           for `\section on input line 4489.
Class scrartcl Info: using compatibility default `afterindent=bysign'
(scrartcl)           for `\section on input line 4489.
\scr@dte@part@maxnumwidth=\skip48
Class scrartcl Info: using compatibility default `afterindent=false'
(scrartcl)           for `\part on input line 4497.
\scr@dte@subsection@maxnumwidth=\skip49
Class scrartcl Info: using compatibility default `runin=bysign'
(scrartcl)           for `\subsection on input line 4507.
Class scrartcl Info: using compatibility default `afterindent=bysign'
(scrartcl)           for `\subsection on input line 4507.
\scr@dte@subsubsection@maxnumwidth=\skip50
Class scrartcl Info: using compatibility default `runin=bysign'
(scrartcl)           for `\subsubsection on input line 4517.
Class scrartcl Info: using compatibility default `afterindent=bysign'
(scrartcl)           for `\subsubsection on input line 4517.
\scr@dte@paragraph@maxnumwidth=\skip51
Class scrartcl Info: using compatibility default `runin=bysign'
(scrartcl)           for `\paragraph on input line 4527.
Class scrartcl Info: using compatibility default `afterindent=bysign'
(scrartcl)           for `\paragraph on input line 4527.
\scr@dte@subparagraph@maxnumwidth=\skip52
Class scrartcl Info: using compatibility default `runin=bysign'
(scrartcl)           for `\subparagraph on input line 4537.
Class scrartcl Info: using compatibility default `afterindent=bysign'
(scrartcl)           for `\subparagraph on input line 4537.
\abovecaptionskip=\skip53
\belowcaptionskip=\skip54
\c@pti@nb@sid@b@x=\box28
Package tocbasic Info: omitting babel extension for `lof'
(tocbasic)             because of feature `nobabel' available
(tocbasic)             for `lof' on input line 5781.
\scr@dte@figure@maxnumwidth=\skip55
\c@figure=\count87
Package tocbasic Info: omitting babel extension for `lot'
(tocbasic)             because of feature `nobabel' available
(tocbasic)             for `lot' on input line 5793.
\scr@dte@table@maxnumwidth=\skip56
\c@table=\count88
Class scrartcl Info: Redefining `\numberline' on input line 5957.
\bibindent=\dimen102
)
(/usr/local/texlive/2019/texmf-dist/tex/generic/babel/babel.sty
Package: babel 2019/05/04 3.31 The Babel package

(/usr/local/texlive/2019/texmf-dist/tex/generic/babel/switch.def
File: switch.def 2019/05/04 3.31 Babel switching mechanism
)
(/usr/local/texlive/2019/texmf-dist/tex/generic/babel-german/ngerman.ldf
Language: ngerman 2018/12/08 v2.11 German support for babel (post-1996 orthogra
phy)

(/usr/local/texlive/2019/texmf-dist/tex/generic/babel-german/ngermanb.ldf
Language: ngermanb 2018/12/08 v2.11 German support for babel (post-1996 orthogr
aphy)

(/usr/local/texlive/2019/texmf-dist/tex/generic/babel/babel.def
File: babel.def 2019/05/04 3.31 Babel common definitions
\babel@savecnt=\count89
\U@D=\dimen103

(/usr/local/texlive/2019/texmf-dist/tex/generic/babel/txtbabel.def)
\bbl@dirlevel=\count90
)
Package babel Info: Making " an active character on input line 121.
))
(/usr/local/texlive/2019/texmf-dist/tex/generic/babel-english/english.ldf
Language: english 2017/06/06 v3.3r English support from the babel system
\l@canadian = a dialect from \language\l@american 
\l@australian = a dialect from \language\l@british 
\l@newzealand = a dialect from \language\l@british 
))
(/usr/local/texlive/2019/texmf-dist/tex/latex/geometry/geometry.sty
Package: geometry 2018/04/16 v5.8 Page Geometry

(/usr/local/texlive/2019/texmf-dist/tex/generic/oberdiek/ifpdf.sty
Package: ifpdf 2018/09/07 v3.3 Provides the ifpdf switch
)
(/usr/local/texlive/2019/texmf-dist/tex/generic/oberdiek/ifvtex.sty
Package: ifvtex 2016/05/16 v1.6 Detect VTeX and its facilities (HO)
Package ifvtex Info: VTeX not detected.
)
(/usr/local/texlive/2019/texmf-dist/tex/generic/ifxetex/ifxetex.sty
Package: ifxetex 2010/09/12 v0.6 Provides ifxetex conditional
)
\Gm@cnth=\count91
\Gm@cntv=\count92
\c@Gm@tempcnt=\count93
\Gm@bindingoffset=\dimen104
\Gm@wd@mp=\dimen105
\Gm@odd@mp=\dimen106
\Gm@even@mp=\dimen107
\Gm@layoutwidth=\dimen108
\Gm@layoutheight=\dimen109
\Gm@layouthoffset=\dimen110
\Gm@layoutvoffset=\dimen111
\Gm@dimlist=\toks15
)
(/usr/local/texlive/2019/texmf-dist/tex/latex/base/inputenc.sty
Package: inputenc 2018/08/11 v1.3c Input encoding file
\inpenc@prehook=\toks16
\inpenc@posthook=\toks17
)
(/usr/local/texlive/2019/texmf-dist/tex/latex/base/fontenc.sty
Package: fontenc 2018/08/11 v2.0j Standard LaTeX package

(/usr/local/texlive/2019/texmf-dist/tex/latex/base/t1enc.def
File: t1enc.def 2018/08/11 v2.0j Standard LaTeX file
LaTeX Font Info:    Redeclaring font encoding T1 on input line 48.
))
(/usr/local/texlive/2019/texmf-dist/tex/latex/lm/lmodern.sty
Package: lmodern 2009/10/30 v1.6 Latin Modern Fonts
LaTeX Font Info:    Overwriting symbol font `operators' in version `normal'
(Font)                  OT1/cmr/m/n --> OT1/lmr/m/n on input line 22.
LaTeX Font Info:    Overwriting symbol font `letters' in version `normal'
(Font)                  OML/cmm/m/it --> OML/lmm/m/it on input line 23.
LaTeX Font Info:    Overwriting symbol font `symbols' in version `normal'
(Font)                  OMS/cmsy/m/n --> OMS/lmsy/m/n on input line 24.
LaTeX Font Info:    Overwriting symbol font `largesymbols' in version `normal'
(Font)                  OMX/cmex/m/n --> OMX/lmex/m/n on input line 25.
LaTeX Font Info:    Overwriting symbol font `operators' in version `bold'
(Font)                  OT1/cmr/bx/n --> OT1/lmr/bx/n on input line 26.
LaTeX Font Info:    Overwriting symbol font `letters' in version `bold'
(Font)                  OML/cmm/b/it --> OML/lmm/b/it on input line 27.
LaTeX Font Info:    Overwriting symbol font `symbols' in version `bold'
(Font)                  OMS/cmsy/b/n --> OMS/lmsy/b/n on input line 28.
LaTeX Font Info:    Overwriting symbol font `largesymbols' in version `bold'
(Font)                  OMX/cmex/m/n --> OMX/lmex/m/n on input line 29.
LaTeX Font Info:    Overwriting math alphabet `\mathbf' in version `normal'
(Font)                  OT1/cmr/bx/n --> OT1/lmr/bx/n on input line 31.
LaTeX Font Info:    Overwriting math alphabet `\mathsf' in version `normal'
(Font)                  OT1/cmss/m/n --> OT1/lmss/m/n on input line 32.
LaTeX Font Info:    Overwriting math alphabet `\mathit' in version `normal'
(Font)                  OT1/cmr/m/it --> OT1/lmr/m/it on input line 33.
LaTeX Font Info:    Overwriting math alphabet `\mathtt' in version `normal'
(Font)                  OT1/cmtt/m/n --> OT1/lmtt/m/n on input line 34.
LaTeX Font Info:    Overwriting math alphabet `\mathbf' in version `bold'
(Font)                  OT1/cmr/bx/n --> OT1/lmr/bx/n on input line 35.
LaTeX Font Info:    Overwriting math alphabet `\mathsf' in version `bold'
(Font)                  OT1/cmss/bx/n --> OT1/lmss/bx/n on input line 36.
LaTeX Font Info:    Overwriting math alphabet `\mathit' in version `bold'
(Font)                  OT1/cmr/bx/it --> OT1/lmr/bx/it on input line 37.
LaTeX Font Info:    Overwriting math alphabet `\mathtt' in version `bold'
(Font)                  OT1/cmtt/m/n --> OT1/lmtt/m/n on input line 38.
)
(/usr/local/texlive/2019/texmf-dist/tex/latex/graphics/graphicx.sty
Package: graphicx 2017/06/01 v1.1a Enhanced LaTeX Graphics (DPC,SPQR)

(/usr/local/texlive/2019/texmf-dist/tex/latex/graphics/graphics.sty
Package: graphics 2017/06/25 v1.2c Standard LaTeX Graphics (DPC,SPQR)

(/usr/local/texlive/2019/texmf-dist/tex/latex/graphics/trig.sty
Package: trig 2016/01/03 v1.10 sin cos tan (DPC)
)
(/usr/local/texlive/2019/texmf-dist/tex/latex/graphics-cfg/graphics.cfg
File: graphics.cfg 2016/06/04 v1.11 sample graphics configuration
)
Package graphics Info: Driver file: pdftex.def on input line 99.

(/usr/local/texlive/2019/texmf-dist/tex/latex/graphics-def/pdftex.def
File: pdftex.def 2018/01/08 v1.0l Graphics/color driver for pdftex
))
\Gin@req@height=\dimen112
\Gin@req@width=\dimen113
)
(/usr/local/texlive/2019/texmf-dist/tex/latex/graphics/rotating.sty
Package: rotating 2016/08/11 v2.16d rotated objects in LaTeX

(/usr/local/texlive/2019/texmf-dist/tex/latex/base/ifthen.sty
Package: ifthen 2014/09/29 v1.1c Standard LaTeX ifthen package (DPC)
)
\c@r@tfl@t=\count94
\rotFPtop=\skip57
\rotFPbot=\skip58
\rot@float@box=\box29
\rot@mess@toks=\toks18
)
(/usr/local/texlive/2019/texmf-dist/tex/latex/caption/subcaption.sty
Package: subcaption 2018/05/01 v1.1-162 Sub-captions (AR)

(/usr/local/texlive/2019/texmf-dist/tex/latex/caption/caption.sty
Package: caption 2018/10/06 v3.3-154 Customizing captions (AR)

(/usr/local/texlive/2019/texmf-dist/tex/latex/caption/caption3.sty
Package: caption3 2018/09/12 v1.8c caption3 kernel (AR)
Package caption3 Info: TeX engine: e-TeX on input line 64.
\captionmargin=\dimen114
\captionmargin@=\dimen115
\captionwidth=\dimen116
\caption@tempdima=\dimen117
\caption@indent=\dimen118
\caption@parindent=\dimen119
\caption@hangindent=\dimen120
)
Package caption Info: KOMA-Script document class.
\c@caption@flags=\count95
\c@ContinuedFloat=\count96
Package caption Info: rotating package is loaded.
)
\c@subfigure=\count97
\c@subtable=\count98
)
(/usr/local/texlive/2019/texmf-dist/tex/latex/booktabs/booktabs.sty
Package: booktabs 2016/04/27 v1.618033 publication quality tables
\heavyrulewidth=\dimen121
\lightrulewidth=\dimen122
\cmidrulewidth=\dimen123
\belowrulesep=\dimen124
\belowbottomsep=\dimen125
\aboverulesep=\dimen126
\abovetopsep=\dimen127
\cmidrulesep=\dimen128
\cmidrulekern=\dimen129
\defaultaddspace=\dimen130
\@cmidla=\count99
\@cmidlb=\count100
\@aboverulesep=\dimen131
\@belowrulesep=\dimen132
\@thisruleclass=\count101
\@lastruleclass=\count102
\@thisrulewidth=\dimen133
)
(/usr/local/texlive/2019/texmf-dist/tex/latex/xcolor/xcolor.sty
Package: xcolor 2016/05/11 v2.12 LaTeX color extensions (UK)

(/usr/local/texlive/2019/texmf-dist/tex/latex/graphics-cfg/color.cfg
File: color.cfg 2016/01/02 v1.6 sample color configuration
)
Package xcolor Info: Driver file: pdftex.def on input line 225.

(/usr/local/texlive/2019/texmf-dist/tex/latex/colortbl/colortbl.sty
Package: colortbl 2018/12/12 v1.0d Color table columns (DPC)

(/usr/local/texlive/2019/texmf-dist/tex/latex/tools/array.sty
Package: array 2018/12/30 v2.4k Tabular extension package (FMi)
\col@sep=\dimen134
\ar@mcellbox=\box30
\extrarowheight=\dimen135
\NC@list=\toks19
\extratabsurround=\skip59
\backup@length=\skip60
\ar@cellbox=\box31
)
\everycr=\toks20
\minrowclearance=\skip61
)
\rownum=\count103
Package xcolor Info: Model `cmy' substituted by `cmy0' on input line 1348.
Package xcolor Info: Model `hsb' substituted by `rgb' on input line 1352.
Package xcolor Info: Model `RGB' extended on input line 1364.
Package xcolor Info: Model `HTML' substituted by `rgb' on input line 1366.
Package xcolor Info: Model `Hsb' substituted by `hsb' on input line 1367.
Package xcolor Info: Model `tHsb' substituted by `hsb' on input line 1368.
Package xcolor Info: Model `HSB' substituted by `hsb' on input line 1369.
Package xcolor Info: Model `Gray' substituted by `gray' on input line 1370.
Package xcolor Info: Model `wave' substituted by `hsb' on input line 1371.
)
(/usr/local/texlive/2019/texmf-dist/tex/latex/algorithm2e/algorithm2e.sty
Package: algorithm2e 2017/07/18 v5.2 algorithms environments
\c@AlgoLine=\count104
\algocf@hangindent=\skip62

(/usr/local/texlive/2019/texmf-dist/tex/latex/ifoddpage/ifoddpage.sty
Package: ifoddpage 2016/04/23 v1.1 Conditionals for odd/even page detection
\c@checkoddpage=\count105
)
(/usr/local/texlive/2019/texmf-dist/tex/latex/tools/xspace.sty
Package: xspace 2014/10/28 v1.13 Space after command names (DPC,MH)
)
(/usr/local/texlive/2019/texmf-dist/tex/latex/relsize/relsize.sty
Package: relsize 2013/03/29 ver 4.1
)
\skiptotal=\skip63
\skiplinenumber=\skip64
\skiprule=\skip65
\skiphlne=\skip66
\skiptext=\skip67
\skiplength=\skip68
\algomargin=\skip69
\skipalgocfslide=\skip70
\algowidth=\dimen136
\inoutsize=\dimen137
\inoutindent=\dimen138
\interspacetitleruled=\dimen139
\interspacealgoruled=\dimen140
\interspacetitleboxruled=\dimen141
\algocf@ruledwidth=\skip71
\algocf@inoutbox=\box32
\algocf@inputbox=\box33
\AlCapSkip=\skip72
\AlCapHSkip=\skip73
\algoskipindent=\skip74
\algocf@nlbox=\box34
\algocf@hangingbox=\box35
\algocf@untilbox=\box36
\algocf@skipuntil=\skip75
\algocf@capbox=\box37
\algocf@lcaptionbox=\skip76
\algoheightruledefault=\skip77
\algoheightrule=\skip78
\algotitleheightruledefault=\skip79
\algotitleheightrule=\skip80
\c@algocfline=\count106
\c@algocfproc=\count107
\c@algocf=\count108
\algocf@algoframe=\box38
\algocf@algobox=\box39
)
(/usr/local/texlive/2019/texmf-dist/tex/latex/amsmath/amsmath.sty
Package: amsmath 2018/12/01 v2.17b AMS math features
\@mathmargin=\skip81

For additional information on amsmath, use the `?' option.
(/usr/local/texlive/2019/texmf-dist/tex/latex/amsmath/amstext.sty
Package: amstext 2000/06/29 v2.01 AMS text

(/usr/local/texlive/2019/texmf-dist/tex/latex/amsmath/amsgen.sty
File: amsgen.sty 1999/11/30 v2.0 generic functions
\@emptytoks=\toks21
\ex@=\dimen142
))
(/usr/local/texlive/2019/texmf-dist/tex/latex/amsmath/amsbsy.sty
Package: amsbsy 1999/11/29 v1.2d Bold Symbols
\pmbraise@=\dimen143
)
(/usr/local/texlive/2019/texmf-dist/tex/latex/amsmath/amsopn.sty
Package: amsopn 2016/03/08 v2.02 operator names
)
\inf@bad=\count109
LaTeX Info: Redefining \frac on input line 223.
\uproot@=\count110
\leftroot@=\count111
LaTeX Info: Redefining \overline on input line 385.
\classnum@=\count112
\DOTSCASE@=\count113
LaTeX Info: Redefining \ldots on input line 482.
LaTeX Info: Redefining \dots on input line 485.
LaTeX Info: Redefining \cdots on input line 606.
\Mathstrutbox@=\box40
\strutbox@=\box41
\big@size=\dimen144
LaTeX Font Info:    Redeclaring font encoding OML on input line 729.
LaTeX Font Info:    Redeclaring font encoding OMS on input line 730.
\macc@depth=\count114
\c@MaxMatrixCols=\count115
\dotsspace@=\muskip10
\c@parentequation=\count116
\dspbrk@lvl=\count117
\tag@help=\toks22
\row@=\count118
\column@=\count119
\maxfields@=\count120
\andhelp@=\toks23
\eqnshift@=\dimen145
\alignsep@=\dimen146
\tagshift@=\dimen147
\tagwidth@=\dimen148
\totwidth@=\dimen149
\lineht@=\dimen150
\@envbody=\toks24
\multlinegap=\skip82
\multlinetaggap=\skip83
\mathdisplay@stack=\toks25
LaTeX Info: Redefining \[ on input line 2844.
LaTeX Info: Redefining \] on input line 2845.
)
(/usr/local/texlive/2019/texmf-dist/tex/latex/amsfonts/amssymb.sty
Package: amssymb 2013/01/14 v3.01 AMS font symbols

(/usr/local/texlive/2019/texmf-dist/tex/latex/amsfonts/amsfonts.sty
Package: amsfonts 2013/01/14 v3.01 Basic AMSFonts support
\symAMSa=\mathgroup4
\symAMSb=\mathgroup5
LaTeX Font Info:    Overwriting math alphabet `\mathfrak' in version `bold'
(Font)                  U/euf/m/n --> U/euf/b/n on input line 106.
))
(/usr/local/texlive/2019/texmf-dist/tex/latex/amscls/amsthm.sty
Package: amsthm 2017/10/31 v2.20.4
\thm@style=\toks26
\thm@bodyfont=\toks27
\thm@headfont=\toks28
\thm@notefont=\toks29
\thm@headpunct=\toks30
\thm@preskip=\skip84
\thm@postskip=\skip85
\thm@headsep=\skip86
\dth@everypar=\toks31
)
(/usr/local/texlive/2019/texmf-dist/tex/latex/csquotes/csquotes.sty
Package: csquotes 2018/04/13 v5.2d context-sensitive quotations (JAW)

(/usr/local/texlive/2019/texmf-dist/tex/latex/etoolbox/etoolbox.sty
Package: etoolbox 2018/08/19 v2.5f e-TeX tools for LaTeX (JAW)
\etb@tempcnta=\count121
)
\csq@reset=\count122
\csq@gtype=\count123
\csq@glevel=\count124
\csq@qlevel=\count125
\csq@maxlvl=\count126
\csq@tshold=\count127
\csq@ltx@everypar=\toks32

(/usr/local/texlive/2019/texmf-dist/tex/latex/csquotes/csquotes.def
File: csquotes.def 2018/04/13 v5.2d csquotes generic definitions (JAW)
)
Package csquotes Info: Trying to load configuration file 'csquotes.cfg'...
Package csquotes Info: ... configuration file loaded successfully.

(/usr/local/texlive/2019/texmf-dist/tex/latex/csquotes/csquotes.cfg
File: csquotes.cfg 
))
(/usr/local/texlive/2019/texmf-dist/tex/latex/hyperref/hyperref.sty
Package: hyperref 2018/11/30 v6.88e Hypertext links for LaTeX

(/usr/local/texlive/2019/texmf-dist/tex/generic/oberdiek/hobsub-hyperref.sty
Package: hobsub-hyperref 2016/05/16 v1.14 Bundle oberdiek, subset hyperref (HO)


(/usr/local/texlive/2019/texmf-dist/tex/generic/oberdiek/hobsub-generic.sty
Package: hobsub-generic 2016/05/16 v1.14 Bundle oberdiek, subset generic (HO)
Package: hobsub 2016/05/16 v1.14 Construct package bundles (HO)
Package: infwarerr 2016/05/16 v1.4 Providing info/warning/error messages (HO)
Package: ltxcmds 2016/05/16 v1.23 LaTeX kernel commands for general use (HO)
Package: ifluatex 2016/05/16 v1.4 Provides the ifluatex switch (HO)
Package ifluatex Info: LuaTeX not detected.
Package hobsub Info: Skipping package `ifvtex' (already loaded).
Package: intcalc 2016/05/16 v1.2 Expandable calculations with integers (HO)
Package hobsub Info: Skipping package `ifpdf' (already loaded).
Package: etexcmds 2016/05/16 v1.6 Avoid name clashes with e-TeX commands (HO)
Package: kvsetkeys 2016/05/16 v1.17 Key value parser (HO)
Package: kvdefinekeys 2016/05/16 v1.4 Define keys (HO)
Package: pdftexcmds 2018/09/10 v0.29 Utility functions of pdfTeX for LuaTeX (HO
)
Package pdftexcmds Info: LuaTeX not detected.
Package pdftexcmds Info: \pdf@primitive is available.
Package pdftexcmds Info: \pdf@ifprimitive is available.
Package pdftexcmds Info: \pdfdraftmode found.
Package: pdfescape 2016/05/16 v1.14 Implements pdfTeX's escape features (HO)
Package: bigintcalc 2016/05/16 v1.4 Expandable calculations on big integers (HO
)
Package: bitset 2016/05/16 v1.2 Handle bit-vector datatype (HO)
Package: uniquecounter 2016/05/16 v1.3 Provide unlimited unique counter (HO)
)
Package hobsub Info: Skipping package `hobsub' (already loaded).
Package: letltxmacro 2016/05/16 v1.5 Let assignment for LaTeX macros (HO)
Package: hopatch 2016/05/16 v1.3 Wrapper for package hooks (HO)
Package: xcolor-patch 2016/05/16 xcolor patch
Package: atveryend 2016/05/16 v1.9 Hooks at the very end of document (HO)
Package: atbegshi 2016/06/09 v1.18 At begin shipout hook (HO)
Package: refcount 2016/05/16 v3.5 Data extraction from label references (HO)
Package: hycolor 2016/05/16 v1.8 Color options for hyperref/bookmark (HO)
)
(/usr/local/texlive/2019/texmf-dist/tex/latex/oberdiek/auxhook.sty
Package: auxhook 2016/05/16 v1.4 Hooks for auxiliary files (HO)
)
(/usr/local/texlive/2019/texmf-dist/tex/latex/oberdiek/kvoptions.sty
Package: kvoptions 2016/05/16 v3.12 Key value format for package options (HO)
)
\@linkdim=\dimen151
\Hy@linkcounter=\count128
\Hy@pagecounter=\count129

(/usr/local/texlive/2019/texmf-dist/tex/latex/hyperref/pd1enc.def
File: pd1enc.def 2018/11/30 v6.88e Hyperref: PDFDocEncoding definition (HO)
Now handling font encoding PD1 ...
... no UTF-8 mapping file for font encoding PD1
)
\Hy@SavedSpaceFactor=\count130

(/usr/local/texlive/2019/texmf-dist/tex/latex/latexconfig/hyperref.cfg
File: hyperref.cfg 2002/06/06 v1.2 hyperref configuration of TeXLive
)
Package hyperref Info: Hyper figures OFF on input line 4519.
Package hyperref Info: Link nesting OFF on input line 4524.
Package hyperref Info: Hyper index ON on input line 4527.
Package hyperref Info: Plain pages OFF on input line 4534.
Package hyperref Info: Backreferencing OFF on input line 4539.
Package hyperref Info: Implicit mode ON; LaTeX internals redefined.
Package hyperref Info: Bookmarks ON on input line 4772.
\c@Hy@tempcnt=\count131

(/usr/local/texlive/2019/texmf-dist/tex/latex/url/url.sty
\Urlmuskip=\muskip11
Package: url 2013/09/16  ver 3.4  Verb mode for urls, etc.
)
LaTeX Info: Redefining \url on input line 5125.
\XeTeXLinkMargin=\dimen152
\Fld@menulength=\count132
\Field@Width=\dimen153
\Fld@charsize=\dimen154
Package hyperref Info: Hyper figures OFF on input line 6380.
Package hyperref Info: Link nesting OFF on input line 6385.
Package hyperref Info: Hyper index ON on input line 6388.
Package hyperref Info: backreferencing OFF on input line 6395.
Package hyperref Info: Link coloring OFF on input line 6400.
Package hyperref Info: Link coloring with OCG OFF on input line 6405.
Package hyperref Info: PDF/A mode OFF on input line 6410.
LaTeX Info: Redefining \ref on input line 6450.
LaTeX Info: Redefining \pageref on input line 6454.
\Hy@abspage=\count133
\c@Item=\count134
\c@Hfootnote=\count135
)
Package hyperref Info: Driver (autodetected): hpdftex.

(/usr/local/texlive/2019/texmf-dist/tex/latex/hyperref/hpdftex.def
File: hpdftex.def 2018/11/30 v6.88e Hyperref driver for pdfTeX
\Fld@listcount=\count136
\c@bookmark@seq@number=\count137

(/usr/local/texlive/2019/texmf-dist/tex/latex/oberdiek/rerunfilecheck.sty
Package: rerunfilecheck 2016/05/16 v1.8 Rerun checks for auxiliary files (HO)
Package uniquecounter Info: New unique counter `rerunfilecheck' on input line 2
82.
)
\Hy@SectionHShift=\skip87
)
Package hyperref Info: Option `colorlinks' set `true' on input line 39.

(/usr/local/texlive/2019/texmf-dist/tex/latex/biblatex/biblatex.sty
Package: biblatex 2018/11/02 v3.12 programmable bibliographies (PK/MW)

(/usr/local/texlive/2019/texmf-dist/tex/latex/logreq/logreq.sty
Package: logreq 2010/08/04 v1.0 xml request logger
\lrq@indent=\count138

(/usr/local/texlive/2019/texmf-dist/tex/latex/logreq/logreq.def
File: logreq.def 2010/08/04 v1.0 logreq spec v1.0
))
\c@tabx@nest=\count139
\c@listtotal=\count140
\c@listcount=\count141
\c@liststart=\count142
\c@liststop=\count143
\c@citecount=\count144
\c@citetotal=\count145
\c@multicitecount=\count146
\c@multicitetotal=\count147
\c@instcount=\count148
\c@maxnames=\count149
\c@minnames=\count150
\c@maxitems=\count151
\c@minitems=\count152
\c@citecounter=\count153
\c@maxcitecounter=\count154
\c@savedcitecounter=\count155
\c@uniquelist=\count156
\c@uniquename=\count157
\c@refsection=\count158
\c@refsegment=\count159
\c@maxextratitle=\count160
\c@maxextratitleyear=\count161
\c@maxextraname=\count162
\c@maxextradate=\count163
\c@maxextraalpha=\count164
\c@abbrvpenalty=\count165
\c@highnamepenalty=\count166
\c@lownamepenalty=\count167
\c@maxparens=\count168
\c@parenlevel=\count169
\blx@tempcnta=\count170
\blx@tempcntb=\count171
\blx@tempcntc=\count172
\blx@maxsection=\count173
\blx@maxsegment@0=\count174
\blx@notetype=\count175
\blx@parenlevel@text=\count176
\blx@parenlevel@foot=\count177
\blx@sectionciteorder@0=\count178
\blx@entrysetcounter=\count179
\labelnumberwidth=\skip88
\labelalphawidth=\skip89
\biblabelsep=\skip90
\bibitemsep=\skip91
\bibnamesep=\skip92
\bibinitsep=\skip93
\bibparsep=\skip94
\bibhang=\skip95
\blx@bcfin=\read1
\blx@bcfout=\write3
\c@mincomprange=\count180
\c@maxcomprange=\count181
\c@mincompwidth=\count182
Package biblatex Info: Trying to load biblatex default data model...
Package biblatex Info: ... file 'blx-dm.def' found.

(/usr/local/texlive/2019/texmf-dist/tex/latex/biblatex/blx-dm.def
File: blx-dm.def 2018/11/02 v3.12 biblatex localization (PK/MW)
)
Package biblatex Info: Trying to load biblatex style data model...
Package biblatex Info: ... file 'numeric.dbx' not found.
Package biblatex Info: Trying to load biblatex custom data model...
Package biblatex Info: ... file 'biblatex-dm.cfg' not found.
\c@afterword=\count183
\c@savedafterword=\count184
\c@annotator=\count185
\c@savedannotator=\count186
\c@author=\count187
\c@savedauthor=\count188
\c@bookauthor=\count189
\c@savedbookauthor=\count190
\c@commentator=\count191
\c@savedcommentator=\count192
\c@editor=\count193
\c@savededitor=\count194
\c@editora=\count195
\c@savededitora=\count196
\c@editorb=\count197
\c@savededitorb=\count198
\c@editorc=\count199
\c@savededitorc=\count266
\c@foreword=\count267
\c@savedforeword=\count268
\c@holder=\count269
\c@savedholder=\count270
\c@introduction=\count271
\c@savedintroduction=\count272
\c@namea=\count273
\c@savednamea=\count274
\c@nameb=\count275
\c@savednameb=\count276
\c@namec=\count277
\c@savednamec=\count278
\c@translator=\count279
\c@savedtranslator=\count280
\c@shortauthor=\count281
\c@savedshortauthor=\count282
\c@shorteditor=\count283
\c@savedshorteditor=\count284
\c@labelname=\count285
\c@savedlabelname=\count286
\c@institution=\count287
\c@savedinstitution=\count288
\c@lista=\count289
\c@savedlista=\count290
\c@listb=\count291
\c@savedlistb=\count292
\c@listc=\count293
\c@savedlistc=\count294
\c@listd=\count295
\c@savedlistd=\count296
\c@liste=\count297
\c@savedliste=\count298
\c@listf=\count299
\c@savedlistf=\count300
\c@location=\count301
\c@savedlocation=\count302
\c@organization=\count303
\c@savedorganization=\count304
\c@origlocation=\count305
\c@savedoriglocation=\count306
\c@origpublisher=\count307
\c@savedorigpublisher=\count308
\c@publisher=\count309
\c@savedpublisher=\count310
\c@language=\count311
\c@savedlanguage=\count312
\c@origlanguage=\count313
\c@savedoriglanguage=\count314
\c@pageref=\count315
\c@savedpageref=\count316
\shorthandwidth=\skip96
\shortjournalwidth=\skip97
\shortserieswidth=\skip98
\shorttitlewidth=\skip99
\shortauthorwidth=\skip100
\shorteditorwidth=\skip101
\locallabelnumberwidth=\skip102
\locallabelalphawidth=\skip103
\localshorthandwidth=\skip104
\localshortjournalwidth=\skip105
\localshortserieswidth=\skip106
\localshorttitlewidth=\skip107
\localshortauthorwidth=\skip108
\localshorteditorwidth=\skip109
Package biblatex Info: Trying to load compatibility code...
Package biblatex Info: ... file 'blx-compat.def' found.

(/usr/local/texlive/2019/texmf-dist/tex/latex/biblatex/blx-compat.def
File: blx-compat.def 2018/11/02 v3.12 biblatex compatibility (PK/MW)
)
Package biblatex Info: Trying to load BibTeX backend compatibility...
Package biblatex Info: ... file 'blx-bibtex.def' found.

(/usr/local/texlive/2019/texmf-dist/tex/latex/biblatex/blx-bibtex.def
File: blx-bibtex.def 2018/11/02 v3.12 biblatex compatibility (PK/MW)


Package biblatex Warning: Using fall-back BibTeX(8) backend:
(biblatex)                functionality may be reduced/unavailable.

)
Package biblatex Info: Trying to load generic definitions...
Package biblatex Info: ... file 'biblatex.def' found.
 (/usr/local/texlive/2019/texmf-dist/tex/latex/biblatex/biblatex.def
File: biblatex.def 2018/11/02 v3.12 biblatex compatibility (PK/MW)
\c@textcitecount=\count317
\c@textcitetotal=\count318
\c@textcitemaxnames=\count319
\c@biburlnumpenalty=\count320
\c@biburlucpenalty=\count321
\c@biburllcpenalty=\count322
\c@smartand=\count323
)
Package biblatex Info: Trying to load natbib compatibility...
Package biblatex Info: ... file 'blx-natbib.def' found.

(/usr/local/texlive/2019/texmf-dist/tex/latex/biblatex/blx-natbib.def
File: blx-natbib.def 2018/11/02 v3.12 biblatex compatibility (PK/MW)
Package biblatex Info: Delimiter 'nameyeardelim' in context '' already defined,
 overwriting.
)
Package biblatex Info: Trying to load bibliography style 'numeric'...
Package biblatex Info: ... file 'numeric.bbx' found.

(/usr/local/texlive/2019/texmf-dist/tex/latex/biblatex/bbx/numeric.bbx
File: numeric.bbx 2018/11/02 v3.12 biblatex bibliography style (PK/MW)
Package biblatex Info: Trying to load bibliography style 'standard'...
Package biblatex Info: ... file 'standard.bbx' found.

(/usr/local/texlive/2019/texmf-dist/tex/latex/biblatex/bbx/standard.bbx
File: standard.bbx 2018/11/02 v3.12 biblatex bibliography style (PK/MW)
\c@bbx:relatedcount=\count324
\c@bbx:relatedtotal=\count325
))
Package biblatex Info: Trying to load citation style 'numeric'...
Package biblatex Info: ... file 'numeric.cbx' found.

(/usr/local/texlive/2019/texmf-dist/tex/latex/biblatex/cbx/numeric.cbx
File: numeric.cbx 2018/11/02 v3.12 biblatex citation style (PK/MW)
Package biblatex Info: Redefining '\cite'.
Package biblatex Info: Redefining '\parencite'.
Package biblatex Info: Redefining '\footcite'.
Package biblatex Info: Redefining '\footcitetext'.
Package biblatex Info: Redefining '\smartcite'.
Package biblatex Info: Redefining '\supercite'.
Package biblatex Info: Redefining '\textcite'.
Package biblatex Info: Redefining '\textcites'.
Package biblatex Info: Redefining '\cites'.
Package biblatex Info: Redefining '\parencites'.
Package biblatex Info: Redefining '\smartcites'.
)
Package biblatex Info: Trying to load configuration file...
Package biblatex Info: ... file 'biblatex.cfg' found.

(/usr/local/texlive/2019/texmf-dist/tex/latex/biblatex/biblatex.cfg
File: biblatex.cfg 
)

Package biblatex Warning: 'firstinits' option is deprecated.
(biblatex)                Please use 'giveninits' instead.

)
(/usr/local/texlive/2019/texmf-dist/tex/latex/koma-script/scrlayer-scrpage.sty
Package: scrlayer-scrpage 2019/02/01 v3.26b KOMA-Script package (end user inter
face for scrlayer)

(/usr/local/texlive/2019/texmf-dist/tex/latex/koma-script/scrlayer.sty
Package: scrlayer 2019/02/01 v3.26b KOMA-Script package (defining layers and pa
ge styles)
Package scrlayer Info: Using already defined \footheight
(scrlayer)             hoping, that this is a length and
(scrlayer)             not only a macro on input line 109.
Package scrlayer Info: patching LaTeX kernel macro \pagestyle on input line 208
3.
)
Package scrlayer-scrpage Info: Makeing stand-alone element `pagehead' from
(scrlayer-scrpage)             alias to `pageheadfoot' on input line 1241.
Package scrlayer-scrpage Info: deactivating warning for font element
(scrlayer-scrpage)             `pagefoot' on input line 1268.
)
Package scrlayer-scrpage Info: auto-selection of `pagestyleset=KOMA-Script'.

1: subsection
1: section
1: section
1: subsection
Package csquotes Info: Checking for multilingual support...
Package csquotes Info: ... found 'babel' package.
Package csquotes Info: Adjusting default style.
Package csquotes Info: Redefining alias 'default' -> 'english'.
Package biblatex Info: Trying to load language 'english'...
Package biblatex Info: ... file 'english.lbx' found.
(/usr/local/texlive/2019/texmf-dist/tex/latex/biblatex/lbx/english.lbx
File: english.lbx 2018/11/02 v3.12 biblatex localization (PK/MW)
)
Package biblatex Info: Trying to load language 'ngerman'...
Package biblatex Info: ... file 'ngerman.lbx' found.

(/usr/local/texlive/2019/texmf-dist/tex/latex/biblatex/lbx/ngerman.lbx
File: ngerman.lbx 2018/11/02 v3.12 biblatex localization (PK/MW)
Package biblatex Info: Trying to load language 'german'...
Package biblatex Info: ... file 'german.lbx' found.

(/usr/local/texlive/2019/texmf-dist/tex/latex/biblatex/lbx/german.lbx
File: german.lbx 2018/11/02 v3.12 biblatex localization (PK/MW)
)
Package biblatex Info: Trying to load language 'german'...
Package biblatex Info: ... file 'german.lbx' found.

(/usr/local/texlive/2019/texmf-dist/tex/latex/biblatex/lbx/german.lbx
File: german.lbx 2018/11/02 v3.12 biblatex localization (PK/MW)
))
(./main.aux)
\openout1 = `main.aux'.

LaTeX Font Info:    Checking defaults for OML/cmm/m/it on input line 103.
LaTeX Font Info:    ... okay on input line 103.
LaTeX Font Info:    Checking defaults for T1/cmr/m/n on input line 103.
LaTeX Font Info:    ... okay on input line 103.
LaTeX Font Info:    Checking defaults for OT1/cmr/m/n on input line 103.
LaTeX Font Info:    ... okay on input line 103.
LaTeX Font Info:    Checking defaults for OMS/cmsy/m/n on input line 103.
LaTeX Font Info:    ... okay on input line 103.
LaTeX Font Info:    Checking defaults for OMX/cmex/m/n on input line 103.
LaTeX Font Info:    ... okay on input line 103.
LaTeX Font Info:    Checking defaults for U/cmr/m/n on input line 103.
LaTeX Font Info:    ... okay on input line 103.
LaTeX Font Info:    Checking defaults for PD1/pdf/m/n on input line 103.
LaTeX Font Info:    ... okay on input line 103.
LaTeX Font Info:    Try loading font information for T1+lmr on input line 103.
 (/usr/local/texlive/2019/texmf-dist/tex/latex/lm/t1lmr.fd
File: t1lmr.fd 2009/10/30 v1.6 Font defs for Latin Modern
)
*geometry* driver: auto-detecting
*geometry* detected driver: pdftex
*geometry* verbose mode - [ preamble ] result:
* driver: pdftex
* paper: a4paper
* layout: <same size as paper>
* layoutoffset:(h,v)=(0.0pt,0.0pt)
* modes: twoside 
* h-part:(L,W,R)=(79.6678pt, 438.17227pt, 79.6678pt)
* v-part:(T,H,B)=(79.6678pt, 685.71124pt, 79.6678pt)
* \paperwidth=597.50787pt
* \paperheight=845.04684pt
* \textwidth=438.17227pt
* \textheight=685.71124pt
* \oddsidemargin=7.39781pt
* \evensidemargin=7.39781pt
* \topmargin=-32.47719pt
* \headheight=18.125pt
* \headsep=21.75pt
* \topskip=12.0pt
* \footskip=50.75pt
* \marginparwidth=74.68849pt
* \marginparsep=12.8401pt
* \columnsep=10.0pt
* \skip\footins=10.8pt plus 4.0pt minus 2.0pt
* \hoffset=0.0pt
* \voffset=0.0pt
* \mag=1000
* \@twocolumnfalse
* \@twosidetrue
* \@mparswitchtrue
* \@reversemarginfalse
* (1in=72.27pt=25.4mm, 1cm=28.453pt)

(/usr/local/texlive/2019/texmf-dist/tex/context/base/mkii/supp-pdf.mkii
[Loading MPS to PDF converter (version 2006.09.02).]
\scratchcounter=\count326
\scratchdimen=\dimen155
\scratchbox=\box42
\nofMPsegments=\count327
\nofMParguments=\count328
\everyMPshowfont=\toks33
\MPscratchCnt=\count329
\MPscratchDim=\dimen156
\MPnumerator=\count330
\makeMPintoPDFobject=\count331
\everyMPtoPDFconversion=\toks34
) (/usr/local/texlive/2019/texmf-dist/tex/latex/oberdiek/epstopdf-base.sty
Package: epstopdf-base 2016/05/15 v2.6 Base part for package epstopdf

(/usr/local/texlive/2019/texmf-dist/tex/latex/oberdiek/grfext.sty
Package: grfext 2016/05/16 v1.2 Manage graphics extensions (HO)
)
Package epstopdf-base Info: Redefining graphics rule for `.eps' on input line 4
38.
Package grfext Info: Graphics extension search list:
(grfext)             [.pdf,.png,.jpg,.mps,.jpeg,.jbig2,.jb2,.PDF,.PNG,.JPG,.JPE
G,.JBIG2,.JB2,.eps]
(grfext)             \AppendGraphicsExtensions on input line 456.

(/usr/local/texlive/2019/texmf-dist/tex/latex/latexconfig/epstopdf-sys.cfg
File: epstopdf-sys.cfg 2010/07/13 v1.3 Configuration of (r)epstopdf for TeX Liv
e
))
Package caption Info: Begin \AtBeginDocument code.
Package caption Info: hyperref package is loaded.
Package caption Info: End \AtBeginDocument code.
\AtBeginShipoutBox=\box43
Package hyperref Info: Link coloring ON on input line 103.

(/usr/local/texlive/2019/texmf-dist/tex/latex/hyperref/nameref.sty
Package: nameref 2016/05/21 v2.44 Cross-referencing by name of section

(/usr/local/texlive/2019/texmf-dist/tex/generic/oberdiek/gettitlestring.sty
Package: gettitlestring 2016/05/16 v1.5 Cleanup title references (HO)
)
\c@section@level=\count332
)
LaTeX Info: Redefining \ref on input line 103.
LaTeX Info: Redefining \pageref on input line 103.
LaTeX Info: Redefining \nameref on input line 103.

(./main.out) (./main.out)
\@outlinefile=\write4
\openout4 = `main.out'.

Class scrartcl Info: loading recommended package `bookmark'.
(scrartcl)           Using `bookmark' together with `hyperref' is recommended,
(scrartcl)           because of handling of possible bookmark level gaps.
(scrartcl)           You can avoid loading `bookmark' with KOMA-Script option
(scrartcl)           `bookmarkpackage=false' before \begin{document} and
(scrartcl)           you can avoid this message with `\usepackage{bookmark}'
(scrartcl)           before \begin{document} on input line 103.

(/usr/local/texlive/2019/texmf-dist/tex/latex/oberdiek/bookmark.sty
Package: bookmark 2016/05/17 v1.26 PDF bookmarks (HO)

(/usr/local/texlive/2019/texmf-dist/tex/latex/oberdiek/bkm-pdftex.def
File: bkm-pdftex.def 2016/05/17 v1.26 bookmark driver for pdfTeX (HO)
Package auxhook Info: \AddLineBeginMainAux comes a little late,
(auxhook)             because the main .aux file is already opened on input lin
e 164.
\BKM@id=\count333
))
Package biblatex Info: Input encoding 'utf8' detected.
Package biblatex Info: Automatic encoding selection.
(biblatex)             Assuming data encoding 'utf8'.
Package biblatex Info: Input encoding 'utf8' specified.
Package biblatex Info: Data encoding 'utf8' specified.
(biblatex)             No need to reencode data.
\openout3 = `main-blx.bib'.

Package biblatex Info: Trying to load bibliographic data...
Package biblatex Info: ... file 'main.bbl' found.

(./main.bbl)
Package biblatex Info: Reference section=0 on input line 103.
Package biblatex Info: Reference segment=0 on input line 103.
 (./sections/titlepage.tex
<./img/uos_weiss.pdf, id=4, 438.17201pt x 136.57324pt>
File: ./img/uos_weiss.pdf Graphic file (type pdf)
<use ./img/uos_weiss.pdf>
Package pdftex.def Info: ./img/uos_weiss.pdf  used on input line 4.
(pdftex.def)             Requested size: 306.71924pt x 95.60268pt.
LaTeX Font Info:    Try loading font information for OT1+lmr on input line 29.

(/usr/local/texlive/2019/texmf-dist/tex/latex/lm/ot1lmr.fd
File: ot1lmr.fd 2009/10/30 v1.6 Font defs for Latin Modern
)
LaTeX Font Info:    Try loading font information for OML+lmm on input line 29.

(/usr/local/texlive/2019/texmf-dist/tex/latex/lm/omllmm.fd
File: omllmm.fd 2009/10/30 v1.6 Font defs for Latin Modern
)
LaTeX Font Info:    Try loading font information for OMS+lmsy on input line 29.


(/usr/local/texlive/2019/texmf-dist/tex/latex/lm/omslmsy.fd
File: omslmsy.fd 2009/10/30 v1.6 Font defs for Latin Modern
)
LaTeX Font Info:    Try loading font information for OMX+lmex on input line 29.


(/usr/local/texlive/2019/texmf-dist/tex/latex/lm/omxlmex.fd
File: omxlmex.fd 2009/10/30 v1.6 Font defs for Latin Modern
)
LaTeX Font Info:    External font `lmex10' loaded for size
(Font)              <12> on input line 29.
LaTeX Font Info:    External font `lmex10' loaded for size
(Font)              <8> on input line 29.
LaTeX Font Info:    External font `lmex10' loaded for size
(Font)              <6> on input line 29.
LaTeX Font Info:    Try loading font information for U+msa on input line 29.

(/usr/local/texlive/2019/texmf-dist/tex/latex/amsfonts/umsa.fd
File: umsa.fd 2013/01/14 v3.01 AMS symbols A
)
LaTeX Font Info:    Try loading font information for U+msb on input line 29.

(/usr/local/texlive/2019/texmf-dist/tex/latex/amsfonts/umsb.fd
File: umsb.fd 2013/01/14 v3.01 AMS symbols B
) [1

{/usr/local/texlive/2019/texmf-var/fonts/map/pdftex/updmap/pdftex.map} <./img/u
os_weiss.pdf>]) [2


] (./sections/abstract.tex) [3] [4


] (./main.toc [1])
\tf@toc=\write5
\openout5 = `main.toc'.

 [2]
(./sections/introduction.tex
Underfull \hbox (badness 10000) in paragraph at lines 4--5

 []


Underfull \hbox (badness 10000) in paragraph at lines 10--11

 []

[1


]) [2] (./sections/chapter_general_definitions.tex
Underfull \hbox (badness 10000) in paragraph at lines 16--17

 []

<./img/2_1_graph_example.png, id=177, 412.54124pt x 324.21124pt>
File: ./img/2_1_graph_example.png Graphic file (type png)
<use ./img/2_1_graph_example.png>
Package pdftex.def Info: ./img/2_1_graph_example.png  used on input line 21.
(pdftex.def)             Requested size: 175.26622pt x 137.74095pt.
[3


]
LaTeX Font Info:    Try loading font information for OMS+lmr on input line 30.
 (/usr/local/texlive/2019/texmf-dist/tex/latex/lm/omslmr.fd
File: omslmr.fd 2009/10/30 v1.6 Font defs for Latin Modern
)
LaTeX Font Info:    Font shape `OMS/lmr/m/n' in size <12> not available
(Font)              Font shape `OMS/lmsy/m/n' tried instead on input line 30.
<./img/2_1_approaches_to_tsp_detailed.png, id=200, 818.05624pt x 477.785pt>
File: ./img/2_1_approaches_to_tsp_detailed.png Graphic file (type png)
<use ./img/2_1_approaches_to_tsp_detailed.png>
Package pdftex.def Info: ./img/2_1_approaches_to_tsp_detailed.png  used on inpu
t line 45.
(pdftex.def)             Requested size: 306.71924pt x 179.13977pt.
 [4 <./img/2_1_graph_example.png>]
<./img/ga_procedure.png, id=217, 746.79pt x 479.7925pt>
File: ./img/ga_procedure.png Graphic file (type png)
<use ./img/ga_procedure.png>
Package pdftex.def Info: ./img/ga_procedure.png  used on input line 57.
(pdftex.def)             Requested size: 306.71924pt x 197.06027pt.
 [5 <./img/2_1_approaches_to_tsp_detailed.png>]
Underfull \hbox (badness 10000) in paragraph at lines 78--79

 []

[6 <./img/ga_procedure.png>]) [7] [8


]
(./sections/chapter_representation_types.tex
<./img/one_point_crossover.png, id=252, 729.72626pt x 400.49625pt>
File: ./img/one_point_crossover.png Graphic file (type png)
<use ./img/one_point_crossover.png>
Package pdftex.def Info: ./img/one_point_crossover.png  used on input line 28.
(pdftex.def)             Requested size: 262.90604pt x 144.28853pt.
 [9]
<./img/repr_ordinal.png, id=260, 698.61pt x 488.82625pt>
File: ./img/repr_ordinal.png Graphic file (type png)
<use ./img/repr_ordinal.png>
Package pdftex.def Info: ./img/repr_ordinal.png  used on input line 40.
(pdftex.def)             Requested size: 262.90604pt x 183.95831pt.
 [10 <./img/one_point_crossover.png> <./img/repr_ordinal.png>]
Underfull \hbox (badness 10000) in paragraph at lines 48--49

 []

[11]
<./img/Adj_Path.png, id=284, 539.01375pt x 116.435pt>
File: ./img/Adj_Path.png Graphic file (type png)
<use ./img/Adj_Path.png>
Package pdftex.def Info: ./img/Adj_Path.png  used on input line 71.
(pdftex.def)             Requested size: 219.08614pt x 47.32646pt.
 [12 <./img/Adj_Path.png>]) [13] [14


]
(./sections/chapter_constructive_heuristics.tex [15]
<./img/7_1_distance_table.png, id=317, 301.125pt x 265.99374pt>
File: ./img/7_1_distance_table.png Graphic file (type png)
<use ./img/7_1_distance_table.png>
Package pdftex.def Info: ./img/7_1_distance_table.png  used on input line 29.
(pdftex.def)             Requested size: 131.45302pt x 116.12033pt.
<./img/7_1_NN_start_1.png, id=318, 394.47375pt x 324.21124pt>
File: ./img/7_1_NN_start_1.png Graphic file (type png)
<use ./img/7_1_NN_start_1.png>
Package pdftex.def Info: ./img/7_1_NN_start_1.png  used on input line 37.
(pdftex.def)             Requested size: 131.45302pt x 108.03882pt.
 [16 <./img/7_1_distance_table.png> <./img/7_1_NN_start_1.png>]
<./img/7_2_DNN_start_2.png, id=333, 752.8125pt x 362.35374pt>
File: ./img/7_2_DNN_start_2.png Graphic file (type png)
<use ./img/7_2_DNN_start_2.png>
Package pdftex.def Info: ./img/7_2_DNN_start_2.png  used on input line 60.
(pdftex.def)             Requested size: 219.08614pt x 105.45033pt.
<./img/7_3_part_tour_AC.png, id=336, 442.65375pt x 377.41pt>
File: ./img/7_3_part_tour_AC.png Graphic file (type png)
<use ./img/7_3_part_tour_AC.png>
Package pdftex.def Info: ./img/7_3_part_tour_AC.png  used on input line 81.
(pdftex.def)             Requested size: 175.26622pt x 149.43524pt.
<./img/7_3_part_tour_ADC.png, id=337, 412.54124pt x 347.2975pt>
File: ./img/7_3_part_tour_ADC.png Graphic file (type png)
<use ./img/7_3_part_tour_ADC.png>
Package pdftex.def Info: ./img/7_3_part_tour_ADC.png  used on input line 88.
(pdftex.def)             Requested size: 175.26622pt x 147.54913pt.
 [17 <./img/7_2_DNN_start_2.png>] [18 <./img/7_3_part_tour_AC.png> <./img/7_3_p
art_tour_ADC.png>]
<./img/7_4_part_tour_AD.png, id=356, 453.695pt x 362.35374pt>
File: ./img/7_4_part_tour_AD.png Graphic file (type png)
<use ./img/7_4_part_tour_AD.png>
Package pdftex.def Info: ./img/7_4_part_tour_AD.png  used on input line 105.
(pdftex.def)             Requested size: 175.26622pt x 139.97935pt.
<./img/7_4_part_tour_ABD.png, id=357, 435.6275pt x 308.15125pt>
File: ./img/7_4_part_tour_ABD.png Graphic file (type png)
<use ./img/7_4_part_tour_ABD.png>
Package pdftex.def Info: ./img/7_4_part_tour_ABD.png  used on input line 112.
(pdftex.def)             Requested size: 175.26622pt x 123.9777pt.
 [19 <./img/7_4_part_tour_AD.png> <./img/7_4_part_tour_ABD.png>]) [20]
(./sections/chapter_selection_operators.tex
Underfull \hbox (badness 10000) in paragraph at lines 23--24

 []

<./img/4_1_wheel_selection_data.png, id=379, 556.0775pt x 174.6525pt>
File: ./img/4_1_wheel_selection_data.png Graphic file (type png)
<use ./img/4_1_wheel_selection_data.png>
Package pdftex.def Info: ./img/4_1_wheel_selection_data.png  used on input line
 27.
(pdftex.def)             Requested size: 219.08614pt x 68.80975pt.
<./img/5_1_roulette_wheel_selection.pdf, id=382, 1027.84pt x 770.88pt>
File: ./img/5_1_roulette_wheel_selection.pdf Graphic file (type pdf)
<use ./img/5_1_roulette_wheel_selection.pdf>
Package pdftex.def Info: ./img/5_1_roulette_wheel_selection.pdf  used on input 
line 35.
(pdftex.def)             Requested size: 262.90604pt x 197.17758pt.
[21


] [22 <./img/4_1_wheel_selection_data.png> <./img/5_1_roulette_wheel_selection.
pdf>]
<./img/4_2_rank_selection_data.png, id=556, 556.0775pt x 170.6375pt>
File: ./img/4_2_rank_selection_data.png Graphic file (type png)
<use ./img/4_2_rank_selection_data.png>
Package pdftex.def Info: ./img/4_2_rank_selection_data.png  used on input line 
54.
(pdftex.def)             Requested size: 219.08614pt x 67.22792pt.
<./img/5_2_rank_selection.pdf, id=557, 1027.84pt x 770.88pt>
File: ./img/5_2_rank_selection.pdf Graphic file (type pdf)
<use ./img/5_2_rank_selection.pdf>
Package pdftex.def Info: ./img/5_2_rank_selection.pdf  used on input line 61.
(pdftex.def)             Requested size: 262.90604pt x 197.17758pt.
 [23 <./img/4_2_rank_selection_data.png> <./img/5_2_rank_selection.pdf>]
Underfull \hbox (badness 10000) in paragraph at lines 73--74

 []

[24]) [25] [26


] (./sections/chapter_crossover_operators.tex
<./img/6_1_OP.png, id=735, 867.24pt x 432.61626pt>
File: ./img/6_1_OP.png Graphic file (type png)
<use ./img/6_1_OP.png>
Package pdftex.def Info: ./img/6_1_OP.png  used on input line 16.
(pdftex.def)             Requested size: 262.90604pt x 131.14572pt.
<./img/6_1_OP_Ordinal.png, id=738, 693.59125pt x 323.2075pt>
File: ./img/6_1_OP_Ordinal.png Graphic file (type png)
<use ./img/6_1_OP_Ordinal.png>
Package pdftex.def Info: ./img/6_1_OP_Ordinal.png  used on input line 25.
(pdftex.def)             Requested size: 262.90604pt x 122.51436pt.
 [27 <./img/6_1_OP.png>]
<./img/6_1_OP_invalid_for_tsp.png, id=747, 680.5425pt x 393.47pt>
File: ./img/6_1_OP_invalid_for_tsp.png Graphic file (type png)
<use ./img/6_1_OP_invalid_for_tsp.png>
Package pdftex.def Info: ./img/6_1_OP_invalid_for_tsp.png  used on input line 3
4.
(pdftex.def)             Requested size: 262.90604pt x 152.00574pt.
 [28 <./img/6_1_OP_Ordinal.png> <./img/6_1_OP_invalid_for_tsp.png>]
<./img/partially-mapped_crossover.png, id=755, 949.5475pt x 632.3625pt>
File: ./img/partially-mapped_crossover.png Graphic file (type png)
<use ./img/partially-mapped_crossover.png>
Package pdftex.def Info: ./img/partially-mapped_crossover.png  used on input li
ne 63.
(pdftex.def)             Requested size: 262.90604pt x 175.08223pt.

Underfull \hbox (badness 1210) in paragraph at lines 64--64
[][][]|\T1/lmr/m/n/12 Partially-mapped crossover be-tween par-ent chro-mo-somes
 251043 and
 []

[29 <./img/partially-mapped_crossover.png>]
<./img/partially-mapped_crossover_mult_replacements.png, id=766, 807.015pt x 50
9.905pt>
File: ./img/partially-mapped_crossover_mult_replacements.png Graphic file (type
 png)
<use ./img/partially-mapped_crossover_mult_replacements.png>
Package pdftex.def Info: ./img/partially-mapped_crossover_mult_replacements.png
  used on input line 78.
(pdftex.def)             Requested size: 262.90604pt x 166.11397pt.
<./img/cycle_crossover.png, id=769, 833.1125pt x 380.42125pt>
File: ./img/cycle_crossover.png Graphic file (type png)
<use ./img/cycle_crossover.png>
Package pdftex.def Info: ./img/cycle_crossover.png  used on input line 90.
(pdftex.def)             Requested size: 306.71924pt x 140.05708pt.
 [30 <./img/partially-mapped_crossover_mult_replacements.png>]
<./img/cycle_crossover_mult_cycles.png, id=778, 906.38625pt x 423.5825pt>
File: ./img/cycle_crossover_mult_cycles.png Graphic file (type png)
<use ./img/cycle_crossover_mult_cycles.png>
Package pdftex.def Info: ./img/cycle_crossover_mult_cycles.png  used on input l
ine 103.
(pdftex.def)             Requested size: 306.71924pt x 143.3375pt.
 [31 <./img/cycle_crossover.png>]
<./img/modified_crossover.png, id=788, 544.0325pt x 287.0725pt>
File: ./img/modified_crossover.png Graphic file (type png)
<use ./img/modified_crossover.png>
Package pdftex.def Info: ./img/modified_crossover.png  used on input line 115.
(pdftex.def)             Requested size: 306.71924pt x 161.85458pt.

Underfull \vbox (badness 10000) has occurred while \output is active []

 [32 <./img/cycle_crossover_mult_cycles.png> <./img/modified_crossover.png>]
<./img/order_crossover.png, id=798, 733.74126pt x 463.7325pt>
File: ./img/order_crossover.png Graphic file (type png)
<use ./img/order_crossover.png>
Package pdftex.def Info: ./img/order_crossover.png  used on input line 129.
(pdftex.def)             Requested size: 262.90604pt x 166.15813pt.
 [33 <./img/order_crossover.png>]
<./img/linear_order_crossover.png, id=808, 744.7825pt x 464.73625pt>
File: ./img/linear_order_crossover.png Graphic file (type png)
<use ./img/linear_order_crossover.png>
Package pdftex.def Info: ./img/linear_order_crossover.png  used on input line 1
47.
(pdftex.def)             Requested size: 262.90604pt x 164.0571pt.
 [34 <./img/linear_order_crossover.png>]
<./img/order-based_crossover.png, id=818, 941.5175pt x 437.635pt>
File: ./img/order-based_crossover.png Graphic file (type png)
<use ./img/order-based_crossover.png>
Package pdftex.def Info: ./img/order-based_crossover.png  used on input line 16
0.
(pdftex.def)             Requested size: 262.90604pt x 122.20306pt.
<./img/position-based_crossover.png, id=821, 718.685pt x 344.28625pt>
File: ./img/position-based_crossover.png Graphic file (type png)
<use ./img/position-based_crossover.png>
Package pdftex.def Info: ./img/position-based_crossover.png  used on input line
 173.
(pdftex.def)             Requested size: 262.90604pt x 125.94974pt.
 [35 <./img/order-based_crossover.png>] [36 <./img/position-based_crossover.png
>]
<./img/alternate_edges_1.png, id=848, 568.1225pt x 291.0875pt>
File: ./img/alternate_edges_1.png Graphic file (type png)
<use ./img/alternate_edges_1.png>
Package pdftex.def Info: ./img/alternate_edges_1.png  used on input line 204.
(pdftex.def)             Requested size: 219.08614pt x 112.25336pt.
<./img/alternate_edges_2.png, id=849, 597.23125pt x 315.1775pt>
File: ./img/alternate_edges_2.png Graphic file (type png)
<use ./img/alternate_edges_2.png>
Package pdftex.def Info: ./img/alternate_edges_2.png  used on input line 211.
(pdftex.def)             Requested size: 219.08614pt x 115.61833pt.
<./img/alternate_edges_3.png, id=850, 292.09125pt x 198.7425pt>
File: ./img/alternate_edges_3.png Graphic file (type png)
<use ./img/alternate_edges_3.png>
Package pdftex.def Info: ./img/alternate_edges_3.png  used on input line 218.
(pdftex.def)             Requested size: 87.6331pt x 59.62624pt.
 [37 <./img/alternate_edges_1.png> <./img/alternate_edges_2.png> <./img/alterna
te_edges_3.png>]
<./img/dist_table.png, id=866, 283.0575pt x 195.73125pt>
File: ./img/dist_table.png Graphic file (type png)
<use ./img/dist_table.png>
Package pdftex.def Info: ./img/dist_table.png  used on input line 242.
(pdftex.def)             Requested size: 131.45302pt x 90.90059pt.
<./img/hX.png, id=869, 739.76375pt x 456.70625pt>
File: ./img/hX.png Graphic file (type png)
<use ./img/hX.png>
Package pdftex.def Info: ./img/hX.png  used on input line 249.
(pdftex.def)             Requested size: 438.17227pt x 270.5136pt.

[38 <./img/dist_table.png>]
<./img/edge_map_initial.png, id=885, 865.2325pt x 480.79625pt>
File: ./img/edge_map_initial.png Graphic file (type png)
<use ./img/edge_map_initial.png>
Package pdftex.def Info: ./img/edge_map_initial.png  used on input line 266.
(pdftex.def)             Requested size: 175.26622pt x 97.39005pt.
<./img/Edge_map_after_city_chosen.png, id=886, 710.655pt x 579.16376pt>
File: ./img/Edge_map_after_city_chosen.png Graphic file (type png)
<use ./img/Edge_map_after_city_chosen.png>
Package pdftex.def Info: ./img/Edge_map_after_city_chosen.png  used on input li
ne 273.
(pdftex.def)             Requested size: 219.08614pt x 178.54912pt.
<./img/er.png, id=887, 913.4125pt x 639.38875pt>
File: ./img/er.png Graphic file (type png)
<use ./img/er.png>
Package pdftex.def Info: ./img/er.png  used on input line 280.
(pdftex.def)             Requested size: 438.17227pt x 306.71774pt.
 [39 <./img/hX.png> <./img/edge_map_initial.png>]
[40 <./img/Edge_map_after_city_chosen.png> <./img/er.png>]) [41] [42


]
(./sections/chapter_mutation_operators.tex
<./img/Mut_Intro.png, id=917, 553.06625pt x 467.7475pt>
File: ./img/Mut_Intro.png Graphic file (type png)
<use ./img/Mut_Intro.png>
Package pdftex.def Info: ./img/Mut_Intro.png  used on input line 8.
(pdftex.def)             Requested size: 175.26622pt x 148.22624pt.
<./img/swap_mutation.png, id=920, 437.635pt x 182.6825pt>
File: ./img/swap_mutation.png Graphic file (type png)
<use ./img/swap_mutation.png>
Package pdftex.def Info: ./img/swap_mutation.png  used on input line 17.
(pdftex.def)             Requested size: 175.26622pt x 73.16089pt.
<./img/scramble_mutation.png, id=923, 527.9725pt x 239.89626pt>
File: ./img/scramble_mutation.png Graphic file (type png)
<use ./img/scramble_mutation.png>
Package pdftex.def Info: ./img/scramble_mutation.png  used on input line 27.
(pdftex.def)             Requested size: 175.26622pt x 79.63455pt.
 [43 <./img/Mut_Intro.png> <./img/swap_mutation.png>]
<./img/shift_mutation.png, id=935, 691.58376pt x 291.0875pt>
File: ./img/shift_mutation.png Graphic file (type png)
<use ./img/shift_mutation.png>
Package pdftex.def Info: ./img/shift_mutation.png  used on input line 37.
(pdftex.def)             Requested size: 175.26622pt x 73.76662pt.
<./img/shift_mutation_torus.png, id=937, 696.6025pt x 224.84pt>
File: ./img/shift_mutation_torus.png Graphic file (type png)
<use ./img/shift_mutation_torus.png>
Package pdftex.def Info: ./img/shift_mutation_torus.png  used on input line 46.

(pdftex.def)             Requested size: 175.26622pt x 56.57008pt.
<./img/inversion_mutation.png, id=940, 484.81125pt x 219.82124pt>
File: ./img/inversion_mutation.png Graphic file (type png)
<use ./img/inversion_mutation.png>
Package pdftex.def Info: ./img/inversion_mutation.png  used on input line 56.
(pdftex.def)             Requested size: 175.26622pt x 79.46764pt.
 [44 <./img/scramble_mutation.png> <./img/shift_mutation.png> <./img/shift_muta
tion_torus.png>]
<./img/insertion_mutation.png, id=954, 492.84125pt x 288.07625pt>
File: ./img/insertion_mutation.png Graphic file (type png)
<use ./img/insertion_mutation.png>
Package pdftex.def Info: ./img/insertion_mutation.png  used on input line 65.
(pdftex.def)             Requested size: 175.26622pt x 102.4458pt.
<./img/displacement_mutation.png, id=957, 876.27374pt x 420.57124pt>
File: ./img/displacement_mutation.png Graphic file (type png)
<use ./img/displacement_mutation.png>
Package pdftex.def Info: ./img/displacement_mutation.png  used on input line 74
.
(pdftex.def)             Requested size: 219.08614pt x 105.14897pt.
) [45 <./img/inversion_mutation.png> <./img/insertion_mutation.png> <./img/disp
lacement_mutation.png>] [46


]
(./sections/chapter_preprocessing.tex [47] [48] [49]
<./img/8_3_selection_number_vs_opt.png, id=1006, 856.19875pt x 621.32124pt>
File: ./img/8_3_selection_number_vs_opt.png Graphic file (type png)
<use ./img/8_3_selection_number_vs_opt.png>
Package pdftex.def Info: ./img/8_3_selection_number_vs_opt.png  used on input l
ine 86.
(pdftex.def)             Requested size: 197.17618pt x 143.08101pt.
<./img/8_3_selection_number_vs_h.png, id=1007, 780.9175pt x 572.1375pt>
File: ./img/8_3_selection_number_vs_h.png Graphic file (type png)
<use ./img/8_3_selection_number_vs_h.png>
Package pdftex.def Info: ./img/8_3_selection_number_vs_h.png  used on input lin
e 93.
(pdftex.def)             Requested size: 197.17618pt x 144.45702pt.
<./img/8_3_vs_opt_less_100.png, id=1009, 382.42876pt x 293.095pt>
File: ./img/8_3_vs_opt_less_100.png Graphic file (type png)
<use ./img/8_3_vs_opt_less_100.png>
Package pdftex.def Info: ./img/8_3_vs_opt_less_100.png  used on input line 105.

(pdftex.def)             Requested size: 197.17618pt x 151.11778pt.
<./img/8_3_vs_heuristics_less_100.png, id=1010, 381.425pt x 288.07625pt>
File: ./img/8_3_vs_heuristics_less_100.png Graphic file (type png)
<use ./img/8_3_vs_heuristics_less_100.png>
Package pdftex.def Info: ./img/8_3_vs_heuristics_less_100.png  used on input li
ne 112.
(pdftex.def)             Requested size: 197.17618pt x 148.91696pt.
<./img/8_3_vs_opt_200_to_500.png, id=1013, 397.485pt x 263.98625pt>
File: ./img/8_3_vs_opt_200_to_500.png Graphic file (type png)
<use ./img/8_3_vs_opt_200_to_500.png>
Package pdftex.def Info: ./img/8_3_vs_opt_200_to_500.png  used on input line 12
4.
(pdftex.def)             Requested size: 197.17618pt x 130.95757pt.
<./img/8_3_vs_heuristics_200_to_500.png, id=1014, 395.4775pt x 269.005pt>
File: ./img/8_3_vs_heuristics_200_to_500.png Graphic file (type png)
<use ./img/8_3_vs_heuristics_200_to_500.png>
Package pdftex.def Info: ./img/8_3_vs_heuristics_200_to_500.png  used on input 
line 131.
(pdftex.def)             Requested size: 197.17618pt x 134.12042pt.
 [50] [51 <./img/8_3_selection_number_vs_opt.png> <./img/8_3_selection_number_v
s_h.png> <./img/8_3_vs_opt_less_100.png> <./img/8_3_vs_heuristics_less_100.png>
]
<./img/tab_8_3_parameters.png, id=1034, 713.66624pt x 215.80624pt>
File: ./img/tab_8_3_parameters.png Graphic file (type png)
<use ./img/tab_8_3_parameters.png>
Package pdftex.def Info: ./img/tab_8_3_parameters.png  used on input line 150.
(pdftex.def)             Requested size: 219.08614pt x 66.24724pt.
) [52 <./img/8_3_vs_opt_200_to_500.png> <./img/8_3_vs_heuristics_200_to_500.png
> <./img/tab_8_3_parameters.png>] (./sections/chapter_experiments_crossover_typ
es.tex
<./img/9_1_path_less_100.png, id=1050, 927.465pt x 406.51875pt>
File: ./img/9_1_path_less_100.png Graphic file (type png)
<use ./img/9_1_path_less_100.png>
Package pdftex.def Info: ./img/9_1_path_less_100.png  used on input line 23.
(pdftex.def)             Requested size: 438.17227pt x 192.0563pt.
<./img/tab_9_1_path_less_100.png, id=1051, 952.55875pt x 485.815pt>
File: ./img/tab_9_1_path_less_100.png Graphic file (type png)
<use ./img/tab_9_1_path_less_100.png>
Package pdftex.def Info: ./img/tab_9_1_path_less_100.png  used on input line 30
.
(pdftex.def)             Requested size: 438.17227pt x 223.4776pt.
 [53


] [54 <./img/9_1_path_less_100.png> <./img/tab_9_1_path_less_100.png>]
<./img/9_1_path_200_to_500.png, id=1071, 895.345pt x 424.58624pt>
File: ./img/9_1_path_200_to_500.png Graphic file (type png)
<use ./img/9_1_path_200_to_500.png>
Package pdftex.def Info: ./img/9_1_path_200_to_500.png  used on input line 47.
(pdftex.def)             Requested size: 438.17227pt x 207.78993pt.
<./img/tab_9_1_path_200_to_500.png, id=1072, 952.55875pt x 484.81125pt>
File: ./img/tab_9_1_path_200_to_500.png Graphic file (type png)
<use ./img/tab_9_1_path_200_to_500.png>
Package pdftex.def Info: ./img/tab_9_1_path_200_to_500.png  used on input line 
54.
(pdftex.def)             Requested size: 438.17227pt x 223.01587pt.
 [55 <./img/9_1_path_200_to_500.png> <./img/tab_9_1_path_200_to_500.png>] [56]
<./img/9_2_Adj_less_100.png, id=1095, 588.1975pt x 287.0725pt>
File: ./img/9_2_Adj_less_100.png Graphic file (type png)
<use ./img/9_2_Adj_less_100.png>
Package pdftex.def Info: ./img/9_2_Adj_less_100.png  used on input line 85.
(pdftex.def)             Requested size: 197.17618pt x 96.2323pt.
<./img/9_2_ERX_HX_less_100.png, id=1096, 587.19376pt x 290.08376pt>
File: ./img/9_2_ERX_HX_less_100.png Graphic file (type png)
<use ./img/9_2_ERX_HX_less_100.png>
Package pdftex.def Info: ./img/9_2_ERX_HX_less_100.png  used on input line 92.
(pdftex.def)             Requested size: 197.17618pt x 97.4055pt.
 [57 <./img/9_2_Adj_less_100.png> <./img/9_2_ERX_HX_less_100.png>]
<./img/tab_9_2_adj_less_100.png, id=1110, 720.6925pt x 218.8175pt>
File: ./img/tab_9_2_adj_less_100.png Graphic file (type png)
<use ./img/tab_9_2_adj_less_100.png>
Package pdftex.def Info: ./img/tab_9_2_adj_less_100.png  used on input line 111
.
(pdftex.def)             Requested size: 350.53915pt x 106.43019pt.
<./img/9_2_Adj_200_500.png, id=1111, 605.26125pt x 291.0875pt>
File: ./img/9_2_Adj_200_500.png Graphic file (type png)
<use ./img/9_2_Adj_200_500.png>
Package pdftex.def Info: ./img/9_2_Adj_200_500.png  used on input line 119.
(pdftex.def)             Requested size: 197.17618pt x 94.82883pt.
<./img/9_2_HX_200_to_500.png, id=1112, 605.26125pt x 299.1175pt>
File: ./img/9_2_HX_200_to_500.png Graphic file (type png)
<use ./img/9_2_HX_200_to_500.png>
Package pdftex.def Info: ./img/9_2_HX_200_to_500.png  used on input line 126.
(pdftex.def)             Requested size: 197.17618pt x 97.4448pt.
 [58 <./img/tab_9_2_adj_less_100.png>]
<./img/tab_9_2_adj_200_to_500.png, id=1122, 719.68875pt x 220.825pt>
File: ./img/tab_9_2_adj_200_to_500.png Graphic file (type png)
<use ./img/tab_9_2_adj_200_to_500.png>
Package pdftex.def Info: ./img/tab_9_2_adj_200_to_500.png  used on input line 1
38.
(pdftex.def)             Requested size: 350.53915pt x 107.56161pt.

[59 <./img/9_2_Adj_200_500.png> <./img/9_2_HX_200_to_500.png> <./img/tab_9_2_ad
j_200_to_500.png>]
<./img/9_3_opx_less_100.png, id=1135, 455.7025pt x 363.3575pt>
File: ./img/9_3_opx_less_100.png Graphic file (type png)
<use ./img/9_3_opx_less_100.png>
Package pdftex.def Info: ./img/9_3_opx_less_100.png  used on input line 160.
(pdftex.def)             Requested size: 262.90604pt x 209.63306pt.
<./img/9_3_opx_200_to_500.png, id=1136, 426.59375pt x 389.455pt>
File: ./img/9_3_opx_200_to_500.png Graphic file (type png)
<use ./img/9_3_opx_200_to_500.png>
Package pdftex.def Info: ./img/9_3_opx_200_to_500.png  used on input line 167.
(pdftex.def)             Requested size: 262.90604pt x 240.03337pt.
 [60 <./img/9_3_opx_less_100.png> <./img/9_3_opx_200_to_500.png>]
<./img/9_initial_graph.png, id=1148, 496.85625pt x 505.89pt>
File: ./img/9_initial_graph.png Graphic file (type png)
<use ./img/9_initial_graph.png>
Package pdftex.def Info: ./img/9_initial_graph.png  used on input line 183.
(pdftex.def)             Requested size: 197.17618pt x 200.76224pt.
<./img/9_inversion_done.png, id=1149, 479.7925pt x 497.86pt>
File: ./img/9_inversion_done.png Graphic file (type png)
<use ./img/9_inversion_done.png>
Package pdftex.def Info: ./img/9_inversion_done.png  used on input line 190.
(pdftex.def)             Requested size: 197.17618pt x 204.60251pt.

Underfull \vbox (badness 1178) has occurred while \output is active []

 [61 <./img/9_initial_graph.png> <./img/9_inversion_done.png>]
File: ./img/9_initial_graph.png Graphic file (type png)
<use ./img/9_initial_graph.png>
Package pdftex.def Info: ./img/9_initial_graph.png  used on input line 207.
(pdftex.def)             Requested size: 197.17618pt x 200.76224pt.
<./img/9_scramble.png, id=1161, 477.785pt x 489.83pt>
File: ./img/9_scramble.png Graphic file (type png)
<use ./img/9_scramble.png>
Package pdftex.def Info: ./img/9_scramble.png  used on input line 214.
(pdftex.def)             Requested size: 197.17618pt x 202.14705pt.
) [62 <./img/9_scramble.png>] (./sections/chapter_experiments_representation_ty
pes.tex
<./img/10_1_less_100.png, id=1172, 1225.57875pt x 594.22pt>
File: ./img/10_1_less_100.png Graphic file (type png)
<use ./img/10_1_less_100.png>
Package pdftex.def Info: ./img/10_1_less_100.png  used on input line 16.
(pdftex.def)             Requested size: 685.71124pt x 332.46172pt.
<./img/10_1_200_to_500.png, id=1173, 1220.56pt x 458.71375pt>
File: ./img/10_1_200_to_500.png Graphic file (type png)
<use ./img/10_1_200_to_500.png>
Package pdftex.def Info: ./img/10_1_200_to_500.png  used on input line 22.
(pdftex.def)             Requested size: 685.71124pt x 257.71088pt.
 [63


] [64 <./img/10_1_less_100.png>] [65 <./img/10_1_200_to_500.png>]
<./img/tab_10_2_parameter_tuning_without_h.png, id=1198, 818.05624pt x 533.995p
t>
File: ./img/tab_10_2_parameter_tuning_without_h.png Graphic file (type png)
<use ./img/tab_10_2_parameter_tuning_without_h.png>
Package pdftex.def Info: ./img/tab_10_2_parameter_tuning_without_h.png  used on
 input line 34.
(pdftex.def)             Requested size: 438.17227pt x 286.02264pt.
<./img/tab_10_2_parameter_tuning_with_h_opt.png, id=1201, 479.7925pt x 529.98pt
>
File: ./img/tab_10_2_parameter_tuning_with_h_opt.png Graphic file (type png)
<use ./img/tab_10_2_parameter_tuning_with_h_opt.png>
Package pdftex.def Info: ./img/tab_10_2_parameter_tuning_with_h_opt.png  used o
n input line 43.
(pdftex.def)             Requested size: 197.17618pt x 217.80266pt.
<./img/tab_10_2_parameter_tuning_with_h_vs_h.png, id=1202, 529.98pt x 529.98pt>

File: ./img/tab_10_2_parameter_tuning_with_h_vs_h.png Graphic file (type png)
<use ./img/tab_10_2_parameter_tuning_with_h_vs_h.png>
Package pdftex.def Info: ./img/tab_10_2_parameter_tuning_with_h_vs_h.png  used 
on input line 50.
(pdftex.def)             Requested size: 219.08614pt x 219.08847pt.
 [66] [67 <./img/tab_10_2_parameter_tuning_without_h.png> <./img/tab_10_2_param
eter_tuning_with_h_opt.png> <./img/tab_10_2_parameter_tuning_with_h_vs_h.png>]
<./img/tab_10_2_best_configs.png, id=1222, 724.7075pt x 466.74374pt>
File: ./img/tab_10_2_best_configs.png Graphic file (type png)
<use ./img/tab_10_2_best_configs.png>
Package pdftex.def Info: ./img/tab_10_2_best_configs.png  used on input line 64
.
(pdftex.def)             Requested size: 306.71924pt x 197.54088pt.
<./img/tab_10_2_winner_configs_random.png, id=1223, 825.0825pt x 227.85126pt>
File: ./img/tab_10_2_winner_configs_random.png Graphic file (type png)
<use ./img/tab_10_2_winner_configs_random.png>
Package pdftex.def Info: ./img/tab_10_2_winner_configs_random.png  used on inpu
t line 70.
(pdftex.def)             Requested size: 306.71924pt x 84.70346pt.
<./img/tab_10_2_winner_configs_h.png, id=1224, 821.0675pt x 227.85126pt>
File: ./img/tab_10_2_winner_configs_h.png Graphic file (type png)
<use ./img/tab_10_2_winner_configs_h.png>
Package pdftex.def Info: ./img/tab_10_2_winner_configs_h.png  used on input lin
e 76.
(pdftex.def)             Requested size: 306.71924pt x 85.11371pt.
 [68 <./img/tab_10_2_best_configs.png> <./img/tab_10_2_winner_configs_random.pn
g> <./img/tab_10_2_winner_configs_h.png>]
<./img/10_3_final_results_random_init.pdf, id=1239, 1027.84pt x 770.88pt>
File: ./img/10_3_final_results_random_init.pdf Graphic file (type pdf)
<use ./img/10_3_final_results_random_init.pdf>
Package pdftex.def Info: ./img/10_3_final_results_random_init.pdf  used on inpu
t line 94.
(pdftex.def)             Requested size: 685.71124pt x 514.28731pt.
<./img/10_3_final_results_heuristics_init.pdf, id=1240, 1027.84pt x 770.88pt>
File: ./img/10_3_final_results_heuristics_init.pdf Graphic file (type pdf)
<use ./img/10_3_final_results_heuristics_init.pdf>
Package pdftex.def Info: ./img/10_3_final_results_heuristics_init.pdf  used on 
input line 102.
(pdftex.def)             Requested size: 685.71124pt x 514.28731pt.
 [69] [70 <./img/10_3_final_results_random_init.pdf>] [71 <./img/10_3_final_res
ults_heuristics_init.pdf>] [72]) [73] [74


] (./sections/conclusion.tex
Overfull \hbox (4.24521pt too wide) in paragraph at lines 8--8
[]\T1/lmr/m/n/12 Concerning the state-ment made by Potvin [[][]21[][]] about th
e path rep-re-sen-ta-tion crossovers,
 []

[75]) [76]

Package biblatex Warning: Name format 'first-last' deprecated.
(biblatex)                Please use 'given-family' instead.
(biblatex)                Using 'given-family' now.

LaTeX Font Info:    Try loading font information for T1+lmtt on input line 157.

(/usr/local/texlive/2019/texmf-dist/tex/latex/lm/t1lmtt.fd
File: t1lmtt.fd 2009/10/30 v1.6 Font defs for Latin Modern
) [77


] [78] [79]
[80


] (./sections/erklaerung.tex)
Package atveryend Info: Empty hook `BeforeClearDocument' on input line 162.
 [81]
Package atveryend Info: Empty hook `AfterLastShipout' on input line 162.
 (./main.aux)
Package atveryend Info: Executing hook `AtVeryEndDocument' on input line 162.
Package atveryend Info: Executing hook `AtEndAfterFileList' on input line 162.
Package rerunfilecheck Info: File `main.out' has not changed.
(rerunfilecheck)             Checksum: D41D8CD98F00B204E9800998ECF8427E;0.
Package logreq Info: Writing requests to 'main.run.xml'.
\openout1 = `main.run.xml'.

 ) 
Here is how much of TeX's memory you used:
 22166 strings out of 492616
 411893 string characters out of 6129482
 869028 words of memory out of 5000000
 25434 multiletter control sequences out of 15000+600000
 60390 words of font info for 47 fonts, out of 8000000 for 9000
 1143 hyphenation exceptions out of 8191
 63i,20n,83p,9083b,2982s stack positions out of 5000i,500n,10000p,200000b,80000s
{/usr/local/texlive/2019/texmf-dist/fonts/enc/dvips/lm/lm-ec.enc}{/usr/local/
texlive/2019/texmf-dist/fonts/enc/dvips/lm/lm-mathsy.enc}{/usr/local/texlive/20
19/texmf-dist/fonts/enc/dvips/lm/lm-mathex.enc}{/usr/local/texlive/2019/texmf-d
ist/fonts/enc/dvips/lm/lm-rm.enc}{/usr/local/texlive/2019/texmf-dist/fonts/enc/
dvips/lm/lm-mathit.enc}</usr/local/texlive/2019/texmf-dist/fonts/type1/public/l
m/lmbx12.pfb></usr/local/texlive/2019/texmf-dist/fonts/type1/public/lm/lmcsc10.
pfb></usr/local/texlive/2019/texmf-dist/fonts/type1/public/lm/lmex10.pfb></usr/
local/texlive/2019/texmf-dist/fonts/type1/public/lm/lmmi12.pfb></usr/local/texl
ive/2019/texmf-dist/fonts/type1/public/lm/lmmi8.pfb></usr/local/texlive/2019/te
xmf-dist/fonts/type1/public/lm/lmr10.pfb></usr/local/texlive/2019/texmf-dist/fo
nts/type1/public/lm/lmr12.pfb></usr/local/texlive/2019/texmf-dist/fonts/type1/p
ublic/lm/lmr17.pfb></usr/local/texlive/2019/texmf-dist/fonts/type1/public/lm/lm
r8.pfb></usr/local/texlive/2019/texmf-dist/fonts/type1/public/lm/lmri12.pfb></u
sr/local/texlive/2019/texmf-dist/fonts/type1/public/lm/lmro12.pfb></usr/local/t
exlive/2019/texmf-dist/fonts/type1/public/lm/lmsy10.pfb></usr/local/texlive/201
9/texmf-dist/fonts/type1/public/lm/lmsy8.pfb></usr/local/texlive/2019/texmf-dis
t/fonts/type1/public/lm/lmtt12.pfb></usr/local/texlive/2019/texmf-dist/fonts/ty
pe1/public/amsfonts/symbols/msbm10.pfb>
Output written on main.pdf (87 pages, 3784426 bytes).
PDF statistics:
 1754 PDF objects out of 2073 (max. 8388607)
 1308 compressed objects within 14 object streams
 256 named destinations out of 1000 (max. 500000)
 815 words of extra memory for PDF output out of 10000 (max. 10000000)

